Base path: /Applications/Unity2018.2.2f1/Unity.app/Contents
Cmd: initializeCompiler
Cmd: compileComputeKernel
  api=14 insize=13247 outsize=99209 ok=1
Cmd: compileComputeKernel
  api=14 insize=13247 outsize=43393 ok=1
Cmd: compileComputeKernel
  api=14 insize=13247 outsize=36753 ok=1
Cmd: compileComputeKernel
  api=14 insize=13247 outsize=27561 ok=1
Cmd: compileComputeKernel
  api=14 insize=13247 outsize=26537 ok=1
Cmd: compileComputeKernel
  api=14 insize=13247 outsize=61665 ok=1
Cmd: compileComputeKernel
  api=14 insize=13247 outsize=36973 ok=1
Cmd: compileComputeKernel
  api=14 insize=13247 outsize=34949 ok=1
Cmd: compileComputeKernel
  api=14 insize=13247 outsize=45857 ok=1
Cmd: compileComputeKernel
  api=14 insize=13247 outsize=29837 ok=1
Cmd: compileComputeKernel
  api=14 insize=13247 outsize=37525 ok=1
Cmd: compileComputeKernel
  api=14 insize=13247 outsize=45201 ok=1
Cmd: compileComputeKernel
  api=14 insize=13247 outsize=29545 ok=1
Cmd: compileComputeKernel
  api=14 insize=13247 outsize=37241 ok=1
Cmd: translateComputeKernel
  api=14 insize=80033 outsize=159037 ok=1
Cmd: translateComputeKernel
  api=14 insize=29093 outsize=45597 ok=1
Cmd: translateComputeKernel
  api=14 insize=35289 outsize=62097 ok=1
Cmd: translateComputeKernel
  api=14 insize=51869 outsize=98437 ok=1
Cmd: translateComputeKernel
  api=14 insize=27105 outsize=42469 ok=1
Cmd: translateComputeKernel
  api=14 insize=39481 outsize=70965 ok=1
Cmd: translateComputeKernel
  api=14 insize=28561 outsize=45913 ok=1
Cmd: translateComputeKernel
  api=14 insize=37553 outsize=66045 ok=1
Cmd: translateComputeKernel
  api=14 insize=26369 outsize=40605 ok=1
Cmd: translateComputeKernel
  api=14 insize=28357 outsize=45369 ok=1
Cmd: translateComputeKernel
  api=14 insize=27233 outsize=43065 ok=1
Cmd: translateComputeKernel
  api=14 insize=62317 outsize=120033 ok=1
Cmd: translateComputeKernel
  api=14 insize=37773 outsize=66865 ok=1
Cmd: translateComputeKernel
  api=14 insize=33941 outsize=59957 ok=1
Cmd: translateComputeKernel
  api=14 insize=29589 outsize=47189 ok=1
Cmd: translateComputeKernel
  api=14 insize=41525 outsize=76029 ok=1
Cmd: translateComputeKernel
  api=14 insize=40009 outsize=70757 ok=1
Cmd: translateComputeKernel
  api=14 insize=56473 outsize=107901 ok=1
Cmd: translateComputeKernel
  api=14 insize=39997 outsize=71049 ok=1
Cmd: translateComputeKernel
  api=14 insize=84205 outsize=177785 ok=1
Cmd: compileComputeKernel
  api=14 insize=25381 outsize=17537 ok=1
Cmd: compileComputeKernel
  api=14 insize=25381 outsize=19461 ok=1
Cmd: translateComputeKernel
  api=14 insize=17005 outsize=33489 ok=1
Cmd: translateComputeKernel
  api=14 insize=19309 outsize=37609 ok=1
Cmd: compileComputeKernel
  api=14 insize=2134 outsize=2149 ok=1
Cmd: translateComputeKernel
  api=14 insize=48933 outsize=86117 ok=1
Cmd: translateComputeKernel
  api=14 insize=10693 outsize=18705 ok=1
Cmd: compileComputeKernel
  api=14 insize=5188 outsize=6805 ok=1
Cmd: translateComputeKernel
  api=14 insize=6805 outsize=10653 ok=1
Cmd: translateComputeKernel
  api=14 insize=12029 outsize=24389 ok=1
Cmd: compileComputeKernel
  api=14 insize=9421 outsize=9705 ok=1
Cmd: translateComputeKernel
  api=14 insize=9705 outsize=16577 ok=1
Cmd: translateComputeKernel
  api=14 insize=1549 outsize=1657 ok=1
Cmd: compileComputeKernel
  api=14 insize=18144 outsize=16985 ok=1
Cmd: translateComputeKernel
  api=14 insize=15913 outsize=32341 ok=1
Cmd: compileComputeKernel
  api=14 insize=1470 outsize=1049 ok=1
Cmd: translateComputeKernel
  api=14 insize=1053 outsize=1085 ok=1
Cmd: translateComputeKernel
  api=14 insize=2021 outsize=3169 ok=1
Cmd: compileComputeKernel
  api=14 insize=654 outsize=1093 ok=1
Cmd: translateComputeKernel
  api=14 insize=1093 outsize=1081 ok=1
Cmd: compileComputeKernel
  api=14 insize=31935 outsize=50905 ok=1
Cmd: translateComputeKernel
  api=14 insize=38597 outsize=83285 ok=1
Cmd: compileComputeKernel
  api=14 insize=7414 outsize=2405 ok=1
Cmd: compileComputeKernel
  api=14 insize=16784 outsize=5393 ok=1
Cmd: compileComputeKernel
  api=14 insize=16784 outsize=6473 ok=1
Cmd: compileComputeKernel
  api=14 insize=16784 outsize=7481 ok=1
Cmd: compileComputeKernel
  api=14 insize=16784 outsize=6689 ok=1
Cmd: compileComputeKernel
  api=14 insize=16784 outsize=7769 ok=1
Cmd: compileComputeKernel
  api=14 insize=16784 outsize=7265 ok=1
Cmd: compileComputeKernel
  api=14 insize=16784 outsize=8249 ok=1
Cmd: compileComputeKernel
  api=14 insize=16784 outsize=9761 ok=1
Cmd: compileComputeKernel
  api=14 insize=16784 outsize=7469 ok=1
Cmd: compileComputeKernel
  api=14 insize=16784 outsize=8453 ok=1
Cmd: compileComputeKernel
  api=14 insize=16784 outsize=9965 ok=1
Cmd: compileComputeKernel
  api=14 insize=16784 outsize=6845 ok=1
Cmd: compileComputeKernel
  api=14 insize=16784 outsize=7229 ok=1
Cmd: compileComputeKernel
  api=14 insize=16784 outsize=7925 ok=1
Cmd: compileComputeKernel
  api=14 insize=16784 outsize=8933 ok=1
Cmd: compileComputeKernel
  api=14 insize=16784 outsize=7829 ok=1
Cmd: compileComputeKernel
  api=14 insize=16784 outsize=8837 ok=1
Cmd: compileComputeKernel
  api=14 insize=16784 outsize=9609 ok=1
Cmd: compileComputeKernel
  api=14 insize=16784 outsize=10249 ok=1
Cmd: compileComputeKernel
  api=14 insize=16784 outsize=11689 ok=1
Cmd: compileComputeKernel
  api=14 insize=16784 outsize=9469 ok=1
Cmd: compileComputeKernel
  api=14 insize=16784 outsize=10909 ok=1
Cmd: compileComputeKernel
  api=14 insize=16784 outsize=12113 ok=1
Cmd: translateComputeKernel
  api=14 insize=5469 outsize=9609 ok=1
Cmd: translateComputeKernel
  api=14 insize=6861 outsize=12461 ok=1
Cmd: translateComputeKernel
  api=14 insize=6033 outsize=10353 ok=1
Cmd: translateComputeKernel
  api=14 insize=7425 outsize=13205 ok=1
Cmd: translateComputeKernel
  api=14 insize=7301 outsize=12881 ok=1
Cmd: translateComputeKernel
  api=14 insize=8813 outsize=15925 ok=1
Cmd: translateComputeKernel
  api=14 insize=10473 outsize=19253 ok=1
Cmd: translateComputeKernel
  api=14 insize=9513 outsize=17889 ok=1
Cmd: translateComputeKernel
  api=14 insize=6921 outsize=12757 ok=1
Cmd: translateComputeKernel
  api=14 insize=8001 outsize=14993 ok=1
Cmd: translateComputeKernel
  api=14 insize=9085 outsize=17017 ok=1
Cmd: translateComputeKernel
  api=14 insize=8565 outsize=15781 ok=1
Cmd: translateComputeKernel
  api=14 insize=9649 outsize=17797 ok=1
Cmd: translateComputeKernel
  api=14 insize=9757 outsize=18225 ok=1
Cmd: translateComputeKernel
  api=14 insize=11725 outsize=22237 ok=1
Cmd: translateComputeKernel
  api=14 insize=10529 outsize=20341 ok=1
Cmd: translateComputeKernel
  api=14 insize=12189 outsize=23405 ok=1
Cmd: initializeCompiler

Quitting shader compiler process
